CRITICAL - 2025-09-16 23:19:02 --> ErrorException: Undefined variable $pagname
[Method: GET, Route: panel/nuevo]
in APPPATH\Views\inicio.php on line 6.
 1 APPPATH\Views\inicio.php(6): CodeIgniter\Debug\Exceptions->errorHandler(2, 'Undefined variable $pagname', 'C:\\Program Files\\XAMPP\\htdocs\\xampp\\CodeIgniter4\\app\\Views\\inicio.php', 6)
 2 SYSTEMPATH\View\View.php(224): include('C:\\Program Files\\XAMPP\\htdocs\\xampp\\CodeIgniter4\\app\\Views\\inicio.php')
 3 SYSTEMPATH\View\View.php(227): CodeIgniter\View\View->CodeIgniter\View\{closure}()
 4 SYSTEMPATH\Common.php(1173): CodeIgniter\View\View->render('inicio', [], true)
 5 APPPATH\Controllers\Panel.php(18): view('inicio')
 6 SYSTEMPATH\CodeIgniter.php(933): App\Controllers\Panel->nuevo()
 7 SYSTEMPATH\CodeIgniter.php(507): CodeIgniter\CodeIgniter->runController(Object(App\Controllers\Panel))
 8 SYSTEMPATH\CodeIgniter.php(354): CodeIgniter\CodeIgniter->handleRequest(null, Object(Config\Cache), false)
 9 SYSTEMPATH\Boot.php(334): CodeIgniter\CodeIgniter->run()
10 SYSTEMPATH\Boot.php(67): CodeIgniter\Boot::runCodeIgniter(Object(CodeIgniter\CodeIgniter))
11 FCPATH\index.php(59): CodeIgniter\Boot::bootWeb(Object(Config\Paths))
CRITICAL - 2025-09-16 23:23:02 --> ErrorException: Undefined variable $pagname
[Method: GET, Route: panel/nuevo]
in APPPATH\Views\inicio.php on line 6.
 1 APPPATH\Views\inicio.php(6): CodeIgniter\Debug\Exceptions->errorHandler(2, 'Undefined variable $pagname', 'C:\\Program Files\\XAMPP\\htdocs\\xampp\\CodeIgniter4\\app\\Views\\inicio.php', 6)
 2 SYSTEMPATH\View\View.php(224): include('C:\\Program Files\\XAMPP\\htdocs\\xampp\\CodeIgniter4\\app\\Views\\inicio.php')
 3 SYSTEMPATH\View\View.php(227): CodeIgniter\View\View->CodeIgniter\View\{closure}()
 4 SYSTEMPATH\Common.php(1173): CodeIgniter\View\View->render('inicio', [], true)
 5 APPPATH\Controllers\Panel.php(18): view('inicio')
 6 SYSTEMPATH\CodeIgniter.php(933): App\Controllers\Panel->nuevo()
 7 SYSTEMPATH\CodeIgniter.php(507): CodeIgniter\CodeIgniter->runController(Object(App\Controllers\Panel))
 8 SYSTEMPATH\CodeIgniter.php(354): CodeIgniter\CodeIgniter->handleRequest(null, Object(Config\Cache), false)
 9 SYSTEMPATH\Boot.php(334): CodeIgniter\CodeIgniter->run()
10 SYSTEMPATH\Boot.php(67): CodeIgniter\Boot::runCodeIgniter(Object(CodeIgniter\CodeIgniter))
11 FCPATH\index.php(59): CodeIgniter\Boot::bootWeb(Object(Config\Paths))
